\BOOKMARK [1][-]{section.1}{\376\377\000I\000n\000t\000r\000o\000d\000u\000c\000t\000i\000o\000n}{}% 1
\BOOKMARK [1][-]{section.2}{\376\377\000R\000e\000l\000a\000t\000e\000d\000\040\000W\000o\000r\000k}{}% 2
\BOOKMARK [1][-]{section.3}{\376\377\000P\000r\000e\000l\000i\000m\000i\000n\000a\000r\000i\000e\000s}{}% 3
\BOOKMARK [2][-]{subsection.3.1}{\376\377\000D\000i\000f\000f\000u\000s\000i\000o\000n\000\040\000M\000o\000d\000e\000l\000s}{section.3}% 4
\BOOKMARK [2][-]{subsection.3.2}{\376\377\000M\000a\000r\000k\000o\000v\000\040\000D\000e\000c\000i\000s\000i\000o\000n\000\040\000P\000r\000o\000c\000e\000s\000s\000e\000s\000\040\000a\000n\000d\000\040\000R\000e\000i\000n\000f\000o\000r\000c\000e\000m\000e\000n\000t\000\040\000L\000e\000a\000r\000n\000i\000n\000g}{section.3}% 5
\BOOKMARK [1][-]{section.4}{\376\377\000R\000e\000i\000n\000f\000o\000r\000c\000e\000m\000e\000n\000t\000\040\000L\000e\000a\000r\000n\000i\000n\000g\000\040\000T\000r\000a\000i\000n\000i\000n\000g\000\040\000o\000f\000\040\000D\000i\000f\000f\000u\000s\000i\000o\000n\000\040\000M\000o\000d\000e\000l\000s}{}% 6
\BOOKMARK [2][-]{subsection.4.1}{\376\377\000P\000r\000o\000b\000l\000e\000m\000\040\000S\000t\000a\000t\000e\000m\000e\000n\000t}{section.4}% 7
\BOOKMARK [2][-]{subsection.4.2}{\376\377\000R\000e\000w\000a\000r\000d\000-\000W\000e\000i\000g\000h\000t\000e\000d\000\040\000R\000e\000g\000r\000e\000s\000s\000i\000o\000n}{section.4}% 8
\BOOKMARK [2][-]{subsection.4.3}{\376\377\000D\000e\000n\000o\000i\000s\000i\000n\000g\000\040\000D\000i\000f\000f\000u\000s\000i\000o\000n\000\040\000P\000o\000l\000i\000c\000y\000\040\000O\000p\000t\000i\000m\000i\000z\000a\000t\000i\000o\000n}{section.4}% 9
\BOOKMARK [1][-]{section.5}{\376\377\000R\000e\000w\000a\000r\000d\000\040\000F\000u\000n\000c\000t\000i\000o\000n\000s\000\040\000f\000o\000r\000\040\000T\000e\000x\000t\000-\000t\000o\000-\000I\000m\000a\000g\000e\000\040\000D\000i\000f\000f\000u\000s\000i\000o\000n}{}% 10
\BOOKMARK [2][-]{subsection.5.1}{\376\377\000C\000o\000m\000p\000r\000e\000s\000s\000i\000b\000i\000l\000i\000t\000y\000\040\000a\000n\000d\000\040\000I\000n\000c\000o\000m\000p\000r\000e\000s\000s\000i\000b\000i\000l\000i\000t\000y}{section.5}% 11
\BOOKMARK [2][-]{subsection.5.2}{\376\377\000A\000e\000s\000t\000h\000e\000t\000i\000c\000\040\000Q\000u\000a\000l\000i\000t\000y}{section.5}% 12
\BOOKMARK [2][-]{subsection.5.3}{\376\377\000A\000u\000t\000o\000m\000a\000t\000e\000d\000\040\000P\000r\000o\000m\000p\000t\000\040\000A\000l\000i\000g\000n\000m\000e\000n\000t\000\040\000w\000i\000t\000h\000\040\000V\000i\000s\000i\000o\000n\000-\000L\000a\000n\000g\000u\000a\000g\000e\000\040\000M\000o\000d\000e\000l\000s}{section.5}% 13
\BOOKMARK [1][-]{section.6}{\376\377\000E\000x\000p\000e\000r\000i\000m\000e\000n\000t\000a\000l\000\040\000E\000v\000a\000l\000u\000a\000t\000i\000o\000n}{}% 14
\BOOKMARK [2][-]{subsection.6.1}{\376\377\000A\000l\000g\000o\000r\000i\000t\000h\000m\000\040\000C\000o\000m\000p\000a\000r\000i\000s\000o\000n\000s}{section.6}% 15
\BOOKMARK [2][-]{subsection.6.2}{\376\377\000A\000u\000t\000o\000m\000a\000t\000e\000d\000\040\000P\000r\000o\000m\000p\000t\000\040\000A\000l\000i\000g\000n\000m\000e\000n\000t}{section.6}% 16
\BOOKMARK [2][-]{subsection.6.3}{\376\377\000G\000e\000n\000e\000r\000a\000l\000i\000z\000a\000t\000i\000o\000n}{section.6}% 17
\BOOKMARK [1][-]{section.7}{\376\377\000D\000i\000s\000c\000u\000s\000s\000i\000o\000n\000\040\000a\000n\000d\000\040\000L\000i\000m\000i\000t\000a\000t\000i\000o\000n\000s}{}% 18
\BOOKMARK [1][-]{section.8}{\376\377\000A\000c\000k\000n\000o\000w\000l\000e\000d\000g\000e\000m\000e\000n\000t\000s}{}% 19
\BOOKMARK [1][-]{appendix.1.A}{\376\377\000O\000v\000e\000r\000o\000p\000t\000i\000m\000i\000z\000a\000t\000i\000o\000n}{}% 20
\BOOKMARK [1][-]{appendix.1.B}{\376\377\000C\000o\000m\000p\000a\000r\000i\000s\000o\000n\000\040\000t\000o\000\040\000C\000l\000a\000s\000s\000i\000f\000i\000e\000r\000\040\000G\000u\000i\000d\000a\000n\000c\000e}{}% 21
\BOOKMARK [1][-]{appendix.1.C}{\376\377\000C\000o\000m\000p\000a\000r\000i\000s\000o\000n\000\040\000t\000o\000\040\000D\000P\000O\000K}{}% 22
\BOOKMARK [1][-]{appendix.1.D}{\376\377\000I\000m\000p\000l\000e\000m\000e\000n\000t\000a\000t\000i\000o\000n\000\040\000D\000e\000t\000a\000i\000l\000s}{}% 23
\BOOKMARK [2][-]{subsection.1.D.1}{\376\377\000D\000D\000P\000O\000\040\000I\000m\000p\000l\000e\000m\000e\000n\000t\000a\000t\000i\000o\000n}{appendix.1.D}% 24
\BOOKMARK [2][-]{subsection.1.D.2}{\376\377\000R\000W\000R\000\040\000I\000m\000p\000l\000e\000m\000e\000n\000t\000a\000t\000i\000o\000n}{appendix.1.D}% 25
\BOOKMARK [2][-]{subsection.1.D.3}{\376\377\000R\000e\000w\000a\000r\000d\000\040\000N\000o\000r\000m\000a\000l\000i\000z\000a\000t\000i\000o\000n}{appendix.1.D}% 26
\BOOKMARK [2][-]{subsection.1.D.4}{\376\377\000R\000e\000s\000o\000u\000r\000c\000e\000\040\000D\000e\000t\000a\000i\000l\000s}{appendix.1.D}% 27
\BOOKMARK [2][-]{subsection.1.D.5}{\376\377\000F\000u\000l\000l\000\040\000H\000y\000p\000e\000r\000p\000a\000r\000a\000m\000e\000t\000e\000r\000s}{appendix.1.D}% 28
\BOOKMARK [2][-]{subsection.1.D.6}{\376\377\000L\000i\000s\000t\000\040\000o\000f\000\040\0004\0005\000\040\000C\000o\000m\000m\000o\000n\000\040\000A\000n\000i\000m\000a\000l\000s}{appendix.1.D}% 29
\BOOKMARK [1][-]{appendix.1.E}{\376\377\000A\000d\000d\000i\000t\000i\000o\000n\000a\000l\000\040\000D\000e\000s\000i\000g\000n\000\040\000D\000e\000c\000i\000s\000i\000o\000n\000s}{}% 30
\BOOKMARK [2][-]{subsection.1.E.1}{\376\377\000C\000F\000G\000\040\000T\000r\000a\000i\000n\000i\000n\000g}{appendix.1.E}% 31
\BOOKMARK [2][-]{subsection.1.E.2}{\376\377\000I\000n\000t\000e\000r\000l\000e\000a\000v\000i\000n\000g}{appendix.1.E}% 32
\BOOKMARK [1][-]{appendix.1.F}{\376\377\000Q\000u\000a\000n\000t\000i\000t\000a\000t\000i\000v\000e\000\040\000R\000e\000s\000u\000l\000t\000s\000\040\000f\000o\000r\000\040\000G\000e\000n\000e\000r\000a\000l\000i\000z\000a\000t\000i\000o\000n}{}% 33
\BOOKMARK [1][-]{appendix.1.G}{\376\377\000M\000o\000r\000e\000\040\000S\000a\000m\000p\000l\000e\000s}{}% 34
